<?xml version="1.0" encoding="UTF-8"?>
<testsuite xmlns:xsi="http://www.w3.org/2001/XMLSchema-instance" xsi:noNamespaceSchemaLocation="https://maven.apache.org/surefire/maven-surefire-plugin/xsd/surefire-test-report.xsd" name="com.atme.blog.MyBlogApplicationTests" time="3.23" tests="1" errors="0" skipped="0" failures="0">
  <properties>
    <property name="sun.desktop" value="windows"/>
    <property name="awt.toolkit" value="sun.awt.windows.WToolkit"/>
    <property name="file.encoding.pkg" value="sun.io"/>
    <property name="java.specification.version" value="1.8"/>
    <property name="sun.cpu.isalist" value="amd64"/>
    <property name="sun.jnu.encoding" value="GBK"/>
    <property name="java.class.path" value="E:\my-blog\target\test-classes;E:\my-blog\target\classes;D:\maven\resposity\org\projectlombok\lombok\1.18.12\lombok-1.18.12.jar;D:\maven\resposity\com\baomidou\mybatis-plus-boot-starter\3.0.5\mybatis-plus-boot-starter-3.0.5.jar;D:\maven\resposity\com\baomidou\mybatis-plus\3.0.5\mybatis-plus-3.0.5.jar;D:\maven\resposity\com\baomidou\mybatis-plus-extension\3.0.5\mybatis-plus-extension-3.0.5.jar;D:\maven\resposity\com\baomidou\mybatis-plus-core\3.0.5\mybatis-plus-core-3.0.5.jar;D:\maven\resposity\com\baomidou\mybatis-plus-annotation\3.0.5\mybatis-plus-annotation-3.0.5.jar;D:\maven\resposity\com\github\jsqlparser\jsqlparser\1.2\jsqlparser-1.2.jar;D:\maven\resposity\org\mybatis\mybatis-spring\1.3.2\mybatis-spring-1.3.2.jar;D:\maven\resposity\org\mybatis\mybatis\3.4.6\mybatis-3.4.6.jar;D:\maven\resposity\com\baomidou\mybatis-plus-generator\3.0.5\mybatis-plus-generator-3.0.5.jar;D:\maven\resposity\org\springframework\boot\spring-boot-autoconfigure\2.1.17.RELEASE\spring-boot-autoconfigure-2.1.17.RELEASE.jar;D:\maven\resposity\org\springframework\boot\spring-boot\2.1.17.RELEASE\spring-boot-2.1.17.RELEASE.jar;D:\maven\resposity\org\springframework\boot\spring-boot-starter-jdbc\2.1.17.RELEASE\spring-boot-starter-jdbc-2.1.17.RELEASE.jar;D:\maven\resposity\com\zaxxer\HikariCP\3.2.0\HikariCP-3.2.0.jar;D:\maven\resposity\org\springframework\spring-jdbc\5.1.18.RELEASE\spring-jdbc-5.1.18.RELEASE.jar;D:\maven\resposity\org\springframework\spring-tx\5.1.18.RELEASE\spring-tx-5.1.18.RELEASE.jar;D:\maven\resposity\org\springframework\boot\spring-boot-configuration-processor\2.1.17.RELEASE\spring-boot-configuration-processor-2.1.17.RELEASE.jar;D:\maven\resposity\org\apache\velocity\velocity-engine-core\2.0\velocity-engine-core-2.0.jar;D:\maven\resposity\org\apache\commons\commons-lang3\3.8.1\commons-lang3-3.8.1.jar;D:\maven\resposity\org\slf4j\slf4j-api\1.7.30\slf4j-api-1.7.30.jar;D:\maven\resposity\org\springframework\boot\spring-boot-starter-thymeleaf\2.1.17.RELEASE\spring-boot-starter-thymeleaf-2.1.17.RELEASE.jar;D:\maven\resposity\org\springframework\boot\spring-boot-starter\2.1.17.RELEASE\spring-boot-starter-2.1.17.RELEASE.jar;D:\maven\resposity\org\springframework\boot\spring-boot-starter-logging\2.1.17.RELEASE\spring-boot-starter-logging-2.1.17.RELEASE.jar;D:\maven\resposity\ch\qos\logback\logback-classic\1.2.3\logback-classic-1.2.3.jar;D:\maven\resposity\ch\qos\logback\logback-core\1.2.3\logback-core-1.2.3.jar;D:\maven\resposity\org\apache\logging\log4j\log4j-to-slf4j\2.11.2\log4j-to-slf4j-2.11.2.jar;D:\maven\resposity\org\apache\logging\log4j\log4j-api\2.11.2\log4j-api-2.11.2.jar;D:\maven\resposity\org\slf4j\jul-to-slf4j\1.7.30\jul-to-slf4j-1.7.30.jar;D:\maven\resposity\javax\annotation\javax.annotation-api\1.3.2\javax.annotation-api-1.3.2.jar;D:\maven\resposity\org\yaml\snakeyaml\1.23\snakeyaml-1.23.jar;D:\maven\resposity\org\thymeleaf\thymeleaf-spring5\3.0.11.RELEASE\thymeleaf-spring5-3.0.11.RELEASE.jar;D:\maven\resposity\org\thymeleaf\thymeleaf\3.0.11.RELEASE\thymeleaf-3.0.11.RELEASE.jar;D:\maven\resposity\org\attoparser\attoparser\2.0.5.RELEASE\attoparser-2.0.5.RELEASE.jar;D:\maven\resposity\org\unbescape\unbescape\1.1.6.RELEASE\unbescape-1.1.6.RELEASE.jar;D:\maven\resposity\org\thymeleaf\extras\thymeleaf-extras-java8time\3.0.4.RELEASE\thymeleaf-extras-java8time-3.0.4.RELEASE.jar;D:\maven\resposity\org\springframework\boot\spring-boot-starter-web\2.1.17.RELEASE\spring-boot-starter-web-2.1.17.RELEASE.jar;D:\maven\resposity\org\springframework\boot\spring-boot-starter-json\2.1.17.RELEASE\spring-boot-starter-json-2.1.17.RELEASE.jar;D:\maven\resposity\com\fasterxml\jackson\core\jackson-databind\2.9.10.6\jackson-databind-2.9.10.6.jar;D:\maven\resposity\com\fasterxml\jackson\core\jackson-annotations\2.9.10\jackson-annotations-2.9.10.jar;D:\maven\resposity\com\fasterxml\jackson\core\jackson-core\2.9.10\jackson-core-2.9.10.jar;D:\maven\resposity\com\fasterxml\jackson\datatype\jackson-datatype-jdk8\2.9.10\jackson-datatype-jdk8-2.9.10.jar;D:\maven\resposity\com\fasterxml\jackson\datatype\jackson-datatype-jsr310\2.9.10\jackson-datatype-jsr310-2.9.10.jar;D:\maven\resposity\com\fasterxml\jackson\module\jackson-module-parameter-names\2.9.10\jackson-module-parameter-names-2.9.10.jar;D:\maven\resposity\org\springframework\boot\spring-boot-starter-tomcat\2.1.17.RELEASE\spring-boot-starter-tomcat-2.1.17.RELEASE.jar;D:\maven\resposity\org\apache\tomcat\embed\tomcat-embed-core\9.0.38\tomcat-embed-core-9.0.38.jar;D:\maven\resposity\org\apache\tomcat\embed\tomcat-embed-el\9.0.38\tomcat-embed-el-9.0.38.jar;D:\maven\resposity\org\apache\tomcat\embed\tomcat-embed-websocket\9.0.38\tomcat-embed-websocket-9.0.38.jar;D:\maven\resposity\org\hibernate\validator\hibernate-validator\6.0.20.Final\hibernate-validator-6.0.20.Final.jar;D:\maven\resposity\javax\validation\validation-api\2.0.1.Final\validation-api-2.0.1.Final.jar;D:\maven\resposity\org\jboss\logging\jboss-logging\3.3.3.Final\jboss-logging-3.3.3.Final.jar;D:\maven\resposity\com\fasterxml\classmate\1.4.0\classmate-1.4.0.jar;D:\maven\resposity\org\springframework\spring-web\5.1.18.RELEASE\spring-web-5.1.18.RELEASE.jar;D:\maven\resposity\org\springframework\spring-beans\5.1.18.RELEASE\spring-beans-5.1.18.RELEASE.jar;D:\maven\resposity\org\springframework\spring-webmvc\5.1.18.RELEASE\spring-webmvc-5.1.18.RELEASE.jar;D:\maven\resposity\org\springframework\spring-aop\5.1.18.RELEASE\spring-aop-5.1.18.RELEASE.jar;D:\maven\resposity\org\springframework\spring-context\5.1.18.RELEASE\spring-context-5.1.18.RELEASE.jar;D:\maven\resposity\org\springframework\spring-expression\5.1.18.RELEASE\spring-expression-5.1.18.RELEASE.jar;D:\maven\resposity\org\springframework\session\spring-session-core\2.1.13.RELEASE\spring-session-core-2.1.13.RELEASE.jar;D:\maven\resposity\org\springframework\spring-jcl\5.1.18.RELEASE\spring-jcl-5.1.18.RELEASE.jar;D:\maven\resposity\com\github\penggle\kaptcha\2.3.2\kaptcha-2.3.2.jar;D:\maven\resposity\javax\servlet\javax.servlet-api\4.0.1\javax.servlet-api-4.0.1.jar;D:\maven\resposity\com\jhlabs\filters\2.0.235-1\filters-2.0.235-1.jar;D:\maven\resposity\com\atlassian\commonmark\commonmark\0.8.0\commonmark-0.8.0.jar;D:\maven\resposity\com\atlassian\commonmark\commonmark-ext-gfm-tables\0.8.0\commonmark-ext-gfm-tables-0.8.0.jar;D:\maven\resposity\mysql\mysql-connector-java\8.0.21\mysql-connector-java-8.0.21.jar;D:\maven\resposity\org\springframework\boot\spring-boot-starter-test\2.1.17.RELEASE\spring-boot-starter-test-2.1.17.RELEASE.jar;D:\maven\resposity\org\springframework\boot\spring-boot-test\2.1.17.RELEASE\spring-boot-test-2.1.17.RELEASE.jar;D:\maven\resposity\org\springframework\boot\spring-boot-test-autoconfigure\2.1.17.RELEASE\spring-boot-test-autoconfigure-2.1.17.RELEASE.jar;D:\maven\resposity\com\jayway\jsonpath\json-path\2.4.0\json-path-2.4.0.jar;D:\maven\resposity\net\minidev\json-smart\2.3\json-smart-2.3.jar;D:\maven\resposity\net\minidev\accessors-smart\1.2\accessors-smart-1.2.jar;D:\maven\resposity\org\ow2\asm\asm\5.0.4\asm-5.0.4.jar;D:\maven\resposity\junit\junit\4.12\junit-4.12.jar;D:\maven\resposity\org\assertj\assertj-core\3.11.1\assertj-core-3.11.1.jar;D:\maven\resposity\org\mockito\mockito-core\2.23.4\mockito-core-2.23.4.jar;D:\maven\resposity\net\bytebuddy\byte-buddy\1.9.16\byte-buddy-1.9.16.jar;D:\maven\resposity\net\bytebuddy\byte-buddy-agent\1.9.16\byte-buddy-agent-1.9.16.jar;D:\maven\resposity\org\objenesis\objenesis\2.6\objenesis-2.6.jar;D:\maven\resposity\org\hamcrest\hamcrest-core\1.3\hamcrest-core-1.3.jar;D:\maven\resposity\org\hamcrest\hamcrest-library\1.3\hamcrest-library-1.3.jar;D:\maven\resposity\org\skyscreamer\jsonassert\1.5.0\jsonassert-1.5.0.jar;D:\maven\resposity\com\vaadin\external\google\android-json\0.0.20131108.vaadin1\android-json-0.0.20131108.vaadin1.jar;D:\maven\resposity\org\springframework\spring-core\5.1.18.RELEASE\spring-core-5.1.18.RELEASE.jar;D:\maven\resposity\org\springframework\spring-test\5.1.18.RELEASE\spring-test-5.1.18.RELEASE.jar;D:\maven\resposity\org\xmlunit\xmlunit-core\2.6.4\xmlunit-core-2.6.4.jar;"/>
    <property name="java.vm.vendor" value="Oracle Corporation"/>
    <property name="sun.arch.data.model" value="64"/>
    <property name="user.variant" value=""/>
    <property name="java.vendor.url" value="http://java.oracle.com/"/>
    <property name="user.timezone" value="Asia/Shanghai"/>
    <property name="java.vm.specification.version" value="1.8"/>
    <property name="os.name" value="Windows 10"/>
    <property name="user.country" value="CN"/>
    <property name="sun.java.launcher" value="SUN_STANDARD"/>
    <property name="sun.boot.library.path" value="D:\environment\java\jre\bin"/>
    <property name="sun.java.command" value="C:\Users\user\AppData\Local\Temp\surefire3734114582667286988\surefirebooter1423471005492797265.jar C:\Users\user\AppData\Local\Temp\surefire3734114582667286988 2020-11-10T17-27-24_868-jvmRun1 surefire2620481897189845807tmp surefire_06719161233356905281tmp"/>
    <property name="surefire.test.class.path" value="E:\my-blog\target\test-classes;E:\my-blog\target\classes;D:\maven\resposity\org\projectlombok\lombok\1.18.12\lombok-1.18.12.jar;D:\maven\resposity\com\baomidou\mybatis-plus-boot-starter\3.0.5\mybatis-plus-boot-starter-3.0.5.jar;D:\maven\resposity\com\baomidou\mybatis-plus\3.0.5\mybatis-plus-3.0.5.jar;D:\maven\resposity\com\baomidou\mybatis-plus-extension\3.0.5\mybatis-plus-extension-3.0.5.jar;D:\maven\resposity\com\baomidou\mybatis-plus-core\3.0.5\mybatis-plus-core-3.0.5.jar;D:\maven\resposity\com\baomidou\mybatis-plus-annotation\3.0.5\mybatis-plus-annotation-3.0.5.jar;D:\maven\resposity\com\github\jsqlparser\jsqlparser\1.2\jsqlparser-1.2.jar;D:\maven\resposity\org\mybatis\mybatis-spring\1.3.2\mybatis-spring-1.3.2.jar;D:\maven\resposity\org\mybatis\mybatis\3.4.6\mybatis-3.4.6.jar;D:\maven\resposity\com\baomidou\mybatis-plus-generator\3.0.5\mybatis-plus-generator-3.0.5.jar;D:\maven\resposity\org\springframework\boot\spring-boot-autoconfigure\2.1.17.RELEASE\spring-boot-autoconfigure-2.1.17.RELEASE.jar;D:\maven\resposity\org\springframework\boot\spring-boot\2.1.17.RELEASE\spring-boot-2.1.17.RELEASE.jar;D:\maven\resposity\org\springframework\boot\spring-boot-starter-jdbc\2.1.17.RELEASE\spring-boot-starter-jdbc-2.1.17.RELEASE.jar;D:\maven\resposity\com\zaxxer\HikariCP\3.2.0\HikariCP-3.2.0.jar;D:\maven\resposity\org\springframework\spring-jdbc\5.1.18.RELEASE\spring-jdbc-5.1.18.RELEASE.jar;D:\maven\resposity\org\springframework\spring-tx\5.1.18.RELEASE\spring-tx-5.1.18.RELEASE.jar;D:\maven\resposity\org\springframework\boot\spring-boot-configuration-processor\2.1.17.RELEASE\spring-boot-configuration-processor-2.1.17.RELEASE.jar;D:\maven\resposity\org\apache\velocity\velocity-engine-core\2.0\velocity-engine-core-2.0.jar;D:\maven\resposity\org\apache\commons\commons-lang3\3.8.1\commons-lang3-3.8.1.jar;D:\maven\resposity\org\slf4j\slf4j-api\1.7.30\slf4j-api-1.7.30.jar;D:\maven\resposity\org\springframework\boot\spring-boot-starter-thymeleaf\2.1.17.RELEASE\spring-boot-starter-thymeleaf-2.1.17.RELEASE.jar;D:\maven\resposity\org\springframework\boot\spring-boot-starter\2.1.17.RELEASE\spring-boot-starter-2.1.17.RELEASE.jar;D:\maven\resposity\org\springframework\boot\spring-boot-starter-logging\2.1.17.RELEASE\spring-boot-starter-logging-2.1.17.RELEASE.jar;D:\maven\resposity\ch\qos\logback\logback-classic\1.2.3\logback-classic-1.2.3.jar;D:\maven\resposity\ch\qos\logback\logback-core\1.2.3\logback-core-1.2.3.jar;D:\maven\resposity\org\apache\logging\log4j\log4j-to-slf4j\2.11.2\log4j-to-slf4j-2.11.2.jar;D:\maven\resposity\org\apache\logging\log4j\log4j-api\2.11.2\log4j-api-2.11.2.jar;D:\maven\resposity\org\slf4j\jul-to-slf4j\1.7.30\jul-to-slf4j-1.7.30.jar;D:\maven\resposity\javax\annotation\javax.annotation-api\1.3.2\javax.annotation-api-1.3.2.jar;D:\maven\resposity\org\yaml\snakeyaml\1.23\snakeyaml-1.23.jar;D:\maven\resposity\org\thymeleaf\thymeleaf-spring5\3.0.11.RELEASE\thymeleaf-spring5-3.0.11.RELEASE.jar;D:\maven\resposity\org\thymeleaf\thymeleaf\3.0.11.RELEASE\thymeleaf-3.0.11.RELEASE.jar;D:\maven\resposity\org\attoparser\attoparser\2.0.5.RELEASE\attoparser-2.0.5.RELEASE.jar;D:\maven\resposity\org\unbescape\unbescape\1.1.6.RELEASE\unbescape-1.1.6.RELEASE.jar;D:\maven\resposity\org\thymeleaf\extras\thymeleaf-extras-java8time\3.0.4.RELEASE\thymeleaf-extras-java8time-3.0.4.RELEASE.jar;D:\maven\resposity\org\springframework\boot\spring-boot-starter-web\2.1.17.RELEASE\spring-boot-starter-web-2.1.17.RELEASE.jar;D:\maven\resposity\org\springframework\boot\spring-boot-starter-json\2.1.17.RELEASE\spring-boot-starter-json-2.1.17.RELEASE.jar;D:\maven\resposity\com\fasterxml\jackson\core\jackson-databind\2.9.10.6\jackson-databind-2.9.10.6.jar;D:\maven\resposity\com\fasterxml\jackson\core\jackson-annotations\2.9.10\jackson-annotations-2.9.10.jar;D:\maven\resposity\com\fasterxml\jackson\core\jackson-core\2.9.10\jackson-core-2.9.10.jar;D:\maven\resposity\com\fasterxml\jackson\datatype\jackson-datatype-jdk8\2.9.10\jackson-datatype-jdk8-2.9.10.jar;D:\maven\resposity\com\fasterxml\jackson\datatype\jackson-datatype-jsr310\2.9.10\jackson-datatype-jsr310-2.9.10.jar;D:\maven\resposity\com\fasterxml\jackson\module\jackson-module-parameter-names\2.9.10\jackson-module-parameter-names-2.9.10.jar;D:\maven\resposity\org\springframework\boot\spring-boot-starter-tomcat\2.1.17.RELEASE\spring-boot-starter-tomcat-2.1.17.RELEASE.jar;D:\maven\resposity\org\apache\tomcat\embed\tomcat-embed-core\9.0.38\tomcat-embed-core-9.0.38.jar;D:\maven\resposity\org\apache\tomcat\embed\tomcat-embed-el\9.0.38\tomcat-embed-el-9.0.38.jar;D:\maven\resposity\org\apache\tomcat\embed\tomcat-embed-websocket\9.0.38\tomcat-embed-websocket-9.0.38.jar;D:\maven\resposity\org\hibernate\validator\hibernate-validator\6.0.20.Final\hibernate-validator-6.0.20.Final.jar;D:\maven\resposity\javax\validation\validation-api\2.0.1.Final\validation-api-2.0.1.Final.jar;D:\maven\resposity\org\jboss\logging\jboss-logging\3.3.3.Final\jboss-logging-3.3.3.Final.jar;D:\maven\resposity\com\fasterxml\classmate\1.4.0\classmate-1.4.0.jar;D:\maven\resposity\org\springframework\spring-web\5.1.18.RELEASE\spring-web-5.1.18.RELEASE.jar;D:\maven\resposity\org\springframework\spring-beans\5.1.18.RELEASE\spring-beans-5.1.18.RELEASE.jar;D:\maven\resposity\org\springframework\spring-webmvc\5.1.18.RELEASE\spring-webmvc-5.1.18.RELEASE.jar;D:\maven\resposity\org\springframework\spring-aop\5.1.18.RELEASE\spring-aop-5.1.18.RELEASE.jar;D:\maven\resposity\org\springframework\spring-context\5.1.18.RELEASE\spring-context-5.1.18.RELEASE.jar;D:\maven\resposity\org\springframework\spring-expression\5.1.18.RELEASE\spring-expression-5.1.18.RELEASE.jar;D:\maven\resposity\org\springframework\session\spring-session-core\2.1.13.RELEASE\spring-session-core-2.1.13.RELEASE.jar;D:\maven\resposity\org\springframework\spring-jcl\5.1.18.RELEASE\spring-jcl-5.1.18.RELEASE.jar;D:\maven\resposity\com\github\penggle\kaptcha\2.3.2\kaptcha-2.3.2.jar;D:\maven\resposity\javax\servlet\javax.servlet-api\4.0.1\javax.servlet-api-4.0.1.jar;D:\maven\resposity\com\jhlabs\filters\2.0.235-1\filters-2.0.235-1.jar;D:\maven\resposity\com\atlassian\commonmark\commonmark\0.8.0\commonmark-0.8.0.jar;D:\maven\resposity\com\atlassian\commonmark\commonmark-ext-gfm-tables\0.8.0\commonmark-ext-gfm-tables-0.8.0.jar;D:\maven\resposity\mysql\mysql-connector-java\8.0.21\mysql-connector-java-8.0.21.jar;D:\maven\resposity\org\springframework\boot\spring-boot-starter-test\2.1.17.RELEASE\spring-boot-starter-test-2.1.17.RELEASE.jar;D:\maven\resposity\org\springframework\boot\spring-boot-test\2.1.17.RELEASE\spring-boot-test-2.1.17.RELEASE.jar;D:\maven\resposity\org\springframework\boot\spring-boot-test-autoconfigure\2.1.17.RELEASE\spring-boot-test-autoconfigure-2.1.17.RELEASE.jar;D:\maven\resposity\com\jayway\jsonpath\json-path\2.4.0\json-path-2.4.0.jar;D:\maven\resposity\net\minidev\json-smart\2.3\json-smart-2.3.jar;D:\maven\resposity\net\minidev\accessors-smart\1.2\accessors-smart-1.2.jar;D:\maven\resposity\org\ow2\asm\asm\5.0.4\asm-5.0.4.jar;D:\maven\resposity\junit\junit\4.12\junit-4.12.jar;D:\maven\resposity\org\assertj\assertj-core\3.11.1\assertj-core-3.11.1.jar;D:\maven\resposity\org\mockito\mockito-core\2.23.4\mockito-core-2.23.4.jar;D:\maven\resposity\net\bytebuddy\byte-buddy\1.9.16\byte-buddy-1.9.16.jar;D:\maven\resposity\net\bytebuddy\byte-buddy-agent\1.9.16\byte-buddy-agent-1.9.16.jar;D:\maven\resposity\org\objenesis\objenesis\2.6\objenesis-2.6.jar;D:\maven\resposity\org\hamcrest\hamcrest-core\1.3\hamcrest-core-1.3.jar;D:\maven\resposity\org\hamcrest\hamcrest-library\1.3\hamcrest-library-1.3.jar;D:\maven\resposity\org\skyscreamer\jsonassert\1.5.0\jsonassert-1.5.0.jar;D:\maven\resposity\com\vaadin\external\google\android-json\0.0.20131108.vaadin1\android-json-0.0.20131108.vaadin1.jar;D:\maven\resposity\org\springframework\spring-core\5.1.18.RELEASE\spring-core-5.1.18.RELEASE.jar;D:\maven\resposity\org\springframework\spring-test\5.1.18.RELEASE\spring-test-5.1.18.RELEASE.jar;D:\maven\resposity\org\xmlunit\xmlunit-core\2.6.4\xmlunit-core-2.6.4.jar;"/>
    <property name="sun.cpu.endian" value="little"/>
    <property name="user.home" value="C:\Users\user"/>
    <property name="user.language" value="zh"/>
    <property name="java.specification.vendor" value="Oracle Corporation"/>
    <property name="java.home" value="D:\environment\java\jre"/>
    <property name="basedir" value="E:\my-blog"/>
    <property name="file.separator" value="\"/>
    <property name="line.separator" value="&#10;"/>
    <property name="java.vm.specification.vendor" value="Oracle Corporation"/>
    <property name="java.specification.name" value="Java Platform API Specification"/>
    <property name="java.awt.graphicsenv" value="sun.awt.Win32GraphicsEnvironment"/>
    <property name="idea.version2020.1.1" value="true"/>
    <property name="surefire.real.class.path" value="C:\Users\user\AppData\Local\Temp\surefire3734114582667286988\surefirebooter1423471005492797265.jar"/>
    <property name="sun.boot.class.path" value="D:\environment\java\jre\lib\resources.jar;D:\environment\java\jre\lib\rt.jar;D:\environment\java\jre\lib\sunrsasign.jar;D:\environment\java\jre\lib\jsse.jar;D:\environment\java\jre\lib\jce.jar;D:\environment\java\jre\lib\charsets.jar;D:\environment\java\jre\lib\jfr.jar;D:\environment\java\jre\classes"/>
    <property name="user.script" value=""/>
    <property name="sun.management.compiler" value="HotSpot 64-Bit Tiered Compilers"/>
    <property name="java.runtime.version" value="1.8.0_151-b12"/>
    <property name="user.name" value="user"/>
    <property name="path.separator" value=";"/>
    <property name="os.version" value="10.0"/>
    <property name="java.endorsed.dirs" value="D:\environment\java\jre\lib\endorsed"/>
    <property name="java.runtime.name" value="Java(TM) SE Runtime Environment"/>
    <property name="file.encoding" value="GBK"/>
    <property name="java.vm.name" value="Java HotSpot(TM) 64-Bit Server VM"/>
    <property name="localRepository" value="D:\maven\resposity"/>
    <property name="java.vendor.url.bug" value="http://bugreport.sun.com/bugreport/"/>
    <property name="java.io.tmpdir" value="C:\Users\user\AppData\Local\Temp\"/>
    <property name="java.version" value="1.8.0_151"/>
    <property name="user.dir" value="E:\my-blog"/>
    <property name="os.arch" value="amd64"/>
    <property name="java.vm.specification.name" value="Java Virtual Machine Specification"/>
    <property name="java.awt.printerjob" value="sun.awt.windows.WPrinterJob"/>
    <property name="sun.os.patch.level" value=""/>
    <property name="java.library.path" value="D:\environment\java\jre\bin;C:\Windows\Sun\Java\bin;C:\Windows\system32;C:\Windows;E:\mySoft\Xftp 6\;E:\mySoft\Xshell 6\;C:\Windows\system32;C:\Windows;C:\Windows\System32\Wbem;C:\Windows\System32\WindowsPowerShell\v1.0\;C:\Windows\System32\OpenSSH\;C:\Program Files (x86)\NVIDIA Corporation\PhysX\Common;C:\Program Files\NVIDIA Corporation\NVIDIA NvDLISR;E:\mySoft\Microsoft VS Code\bin;D:\environment\java\bin;D:\environment\apache-tomcat-8.0.50\bin;D:\environment\apache-tomcat-8.0.50\lib;D:\environment\Git\cmd;D:\environment\apache-maven-3.3.9\bin;D:\environment\nodejs\;D:\environment\mysql-5.7.31-winx64\bin;D:\environment\nodejs\node_global\node_modules\@vue\cli-init\node_modules\.bin;C:\Users\user\AppData\Local\Microsoft\WindowsApps;C:\Users\user\AppData\Roaming\npm;."/>
    <property name="java.vm.info" value="mixed mode"/>
    <property name="java.vendor" value="Oracle Corporation"/>
    <property name="java.vm.version" value="25.151-b12"/>
    <property name="java.ext.dirs" value="D:\environment\java\jre\lib\ext;C:\Windows\Sun\Java\lib\ext"/>
    <property name="sun.io.unicode.encoding" value="UnicodeLittle"/>
    <property name="maven.repo.local" value="D:\maven\resposity"/>
    <property name="java.class.version" value="52.0"/>
  </properties>
  <testcase name="contextLoads" classname="com.atme.blog.MyBlogApplicationTests" time="0.18"/>
</testsuite>